c:\users\creator\source\repos\makeconstellation\makeconstellation\obj\debug\ofxslider.obj
c:\users\creator\source\repos\makeconstellation\makeconstellation\obj\debug\ofxcvgrayscaleimage.obj
c:\users\creator\source\repos\makeconstellation\makeconstellation\obj\debug\ofxguigroup.obj
c:\users\creator\source\repos\makeconstellation\makeconstellation\obj\debug\ofxcvhaarfinder.obj
c:\users\creator\source\repos\makeconstellation\makeconstellation\obj\debug\ofxcolorpicker.obj
c:\users\creator\source\repos\makeconstellation\makeconstellation\obj\debug\ofxcvcontourfinder.obj
c:\users\creator\source\repos\makeconstellation\makeconstellation\obj\debug\ofxbutton.obj
c:\users\creator\source\repos\makeconstellation\makeconstellation\obj\debug\ofxtoggle.obj
c:\users\creator\source\repos\makeconstellation\makeconstellation\obj\debug\ofxcvshortimage.obj
c:\users\creator\source\repos\makeconstellation\makeconstellation\obj\debug\ofxlabel.obj
c:\users\creator\source\repos\makeconstellation\makeconstellation\obj\debug\ofxcvcolorimage.obj
c:\users\creator\source\repos\makeconstellation\makeconstellation\obj\debug\ofapp.obj
c:\users\creator\source\repos\makeconstellation\makeconstellation\obj\debug\ofxpanel.obj
c:\users\creator\source\repos\makeconstellation\makeconstellation\obj\debug\ofxslidergroup.obj
c:\users\creator\source\repos\makeconstellation\makeconstellation\obj\debug\main.obj
c:\users\creator\source\repos\makeconstellation\makeconstellation\obj\debug\ofxinputfield.obj
c:\users\creator\source\repos\makeconstellation\makeconstellation\obj\debug\ofxcvimage.obj
c:\users\creator\source\repos\makeconstellation\makeconstellation\obj\debug\ofxbasegui.obj
c:\users\creator\source\repos\makeconstellation\makeconstellation\obj\debug\ofxcvfloatimage.obj
c:\users\creator\source\repos\makeconstellation\makeconstellation\obj\debug\vc141.pdb
c:\users\creator\source\repos\makeconstellation\makeconstellation\bin\makeconstellation_debug.exe
c:\users\creator\source\repos\makeconstellation\makeconstellation\bin\makeconstellation_debug.ilk
c:\users\creator\source\repos\makeconstellation\makeconstellation\bin\makeconstellation_debug.pdb
c:\users\creator\source\repos\makeconstellation\makeconstellation\bin\makeconstellation_debug.lib
c:\users\creator\source\repos\makeconstellation\makeconstellation\bin\makeconstellation_debug.exp
c:\users\creator\source\repos\makeconstellation\makeconstellation\obj\debug\icon.res
c:\users\creator\source\repos\makeconstellation\makeconstellation\obj\debug\makecons.7fd42df7.tlog\cl.command.1.tlog
c:\users\creator\source\repos\makeconstellation\makeconstellation\obj\debug\makecons.7fd42df7.tlog\cl.read.1.tlog
c:\users\creator\source\repos\makeconstellation\makeconstellation\obj\debug\makecons.7fd42df7.tlog\cl.write.1.tlog
c:\users\creator\source\repos\makeconstellation\makeconstellation\obj\debug\makecons.7fd42df7.tlog\link.command.1.tlog
c:\users\creator\source\repos\makeconstellation\makeconstellation\obj\debug\makecons.7fd42df7.tlog\link.read.1.tlog
c:\users\creator\source\repos\makeconstellation\makeconstellation\obj\debug\makecons.7fd42df7.tlog\link.write.1.tlog
c:\users\creator\source\repos\makeconstellation\makeconstellation\obj\debug\makecons.7fd42df7.tlog\makeconstellation.write.1u.tlog
c:\users\creator\source\repos\makeconstellation\makeconstellation\obj\debug\makecons.7fd42df7.tlog\rc.command.1.tlog
c:\users\creator\source\repos\makeconstellation\makeconstellation\obj\debug\makecons.7fd42df7.tlog\rc.read.1.tlog
c:\users\creator\source\repos\makeconstellation\makeconstellation\obj\debug\makecons.7fd42df7.tlog\rc.write.1.tlog
