  ofxBaseGui.cpp
  ofxButton.cpp
  ofxColorPicker.cpp
  ofxGuiGroup.cpp
  ofxInputField.cpp
  ofxLabel.cpp
  ofxPanel.cpp
  ofxSlider.cpp
c:\users\creator\documents\of_v0.11.2_vs2017_release\libs\openframeworks\utils\ofutils.h : warning C4819: The file contains a character that cannot be represented in the current code page (949). Save the file in Unicode format to prevent data loss (compiling source file ..\..\..\..\Documents\of_v0.11.2_vs2017_release\addons\ofxGui\src\ofxBaseGui.cpp)
c:\users\creator\documents\of_v0.11.2_vs2017_release\libs\openframeworks\utils\ofutils.h : warning C4819: The file contains a character that cannot be represented in the current code page (949). Save the file in Unicode format to prevent data loss (compiling source file ..\..\..\..\Documents\of_v0.11.2_vs2017_release\addons\ofxGui\src\ofxSlider.cpp)
c:\users\creator\documents\of_v0.11.2_vs2017_release\libs\openframeworks\utils\ofutils.h : warning C4819: The file contains a character that cannot be represented in the current code page (949). Save the file in Unicode format to prevent data loss (compiling source file ..\..\..\..\Documents\of_v0.11.2_vs2017_release\addons\ofxGui\src\ofxGuiGroup.cpp)
c:\users\creator\documents\of_v0.11.2_vs2017_release\libs\openframeworks\utils\ofutils.h : warning C4819: The file contains a character that cannot be represented in the current code page (949). Save the file in Unicode format to prevent data loss (compiling source file ..\..\..\..\Documents\of_v0.11.2_vs2017_release\addons\ofxGui\src\ofxPanel.cpp)
c:\users\creator\documents\of_v0.11.2_vs2017_release\libs\openframeworks\utils\ofutils.h : warning C4819: The file contains a character that cannot be represented in the current code page (949). Save the file in Unicode format to prevent data loss (compiling source file ..\..\..\..\Documents\of_v0.11.2_vs2017_release\addons\ofxGui\src\ofxButton.cpp)
c:\users\creator\documents\of_v0.11.2_vs2017_release\libs\openframeworks\utils\ofutils.h : warning C4819: The file contains a character that cannot be represented in the current code page (949). Save the file in Unicode format to prevent data loss (compiling source file ..\..\..\..\Documents\of_v0.11.2_vs2017_release\addons\ofxGui\src\ofxInputField.cpp)
c:\users\creator\documents\of_v0.11.2_vs2017_release\libs\openframeworks\utils\ofutils.h : warning C4819: The file contains a character that cannot be represented in the current code page (949). Save the file in Unicode format to prevent data loss (compiling source file ..\..\..\..\Documents\of_v0.11.2_vs2017_release\addons\ofxGui\src\ofxLabel.cpp)
c:\users\creator\documents\of_v0.11.2_vs2017_release\libs\openframeworks\math\ofvec3f.h : warning C4819: The file contains a character that cannot be represented in the current code page (949). Save the file in Unicode format to prevent data loss (compiling source file ..\..\..\..\Documents\of_v0.11.2_vs2017_release\addons\ofxGui\src\ofxBaseGui.cpp)
c:\users\creator\documents\of_v0.11.2_vs2017_release\libs\openframeworks\math\ofvec2f.h : warning C4819: The file contains a character that cannot be represented in the current code page (949). Save the file in Unicode format to prevent data loss (compiling source file ..\..\..\..\Documents\of_v0.11.2_vs2017_release\addons\ofxGui\src\ofxBaseGui.cpp)
c:\users\creator\documents\of_v0.11.2_vs2017_release\libs\openframeworks\utils\ofutils.h : warning C4819: The file contains a character that cannot be represented in the current code page (949). Save the file in Unicode format to prevent data loss (compiling source file ..\..\..\..\Documents\of_v0.11.2_vs2017_release\addons\ofxGui\src\ofxColorPicker.cpp)
c:\users\creator\documents\of_v0.11.2_vs2017_release\libs\openframeworks\math\ofvec3f.h : warning C4819: The file contains a character that cannot be represented in the current code page (949). Save the file in Unicode format to prevent data loss (compiling source file ..\..\..\..\Documents\of_v0.11.2_vs2017_release\addons\ofxGui\src\ofxSlider.cpp)
c:\users\creator\documents\of_v0.11.2_vs2017_release\libs\openframeworks\math\ofvec2f.h : warning C4819: The file contains a character that cannot be represented in the current code page (949). Save the file in Unicode format to prevent data loss (compiling source file ..\..\..\..\Documents\of_v0.11.2_vs2017_release\addons\ofxGui\src\ofxSlider.cpp)
c:\users\creator\documents\of_v0.11.2_vs2017_release\libs\openframeworks\math\ofvec3f.h : warning C4819: The file contains a character that cannot be represented in the current code page (949). Save the file in Unicode format to prevent data loss (compiling source file ..\..\..\..\Documents\of_v0.11.2_vs2017_release\addons\ofxGui\src\ofxGuiGroup.cpp)
c:\users\creator\documents\of_v0.11.2_vs2017_release\libs\openframeworks\math\ofvec2f.h : warning C4819: The file contains a character that cannot be represented in the current code page (949). Save the file in Unicode format to prevent data loss (compiling source file ..\..\..\..\Documents\of_v0.11.2_vs2017_release\addons\ofxGui\src\ofxGuiGroup.cpp)
c:\users\creator\documents\of_v0.11.2_vs2017_release\libs\openframeworks\math\ofvec3f.h : warning C4819: The file contains a character that cannot be represented in the current code page (949). Save the file in Unicode format to prevent data loss (compiling source file ..\..\..\..\Documents\of_v0.11.2_vs2017_release\addons\ofxGui\src\ofxPanel.cpp)
c:\users\creator\documents\of_v0.11.2_vs2017_release\libs\openframeworks\math\ofvec3f.h : warning C4819: The file contains a character that cannot be represented in the current code page (949). Save the file in Unicode format to prevent data loss (compiling source file ..\..\..\..\Documents\of_v0.11.2_vs2017_release\addons\ofxGui\src\ofxButton.cpp)
c:\users\creator\documents\of_v0.11.2_vs2017_release\libs\openframeworks\math\ofvec2f.h : warning C4819: The file contains a character that cannot be represented in the current code page (949). Save the file in Unicode format to prevent data loss (compiling source file ..\..\..\..\Documents\of_v0.11.2_vs2017_release\addons\ofxGui\src\ofxPanel.cpp)
c:\users\creator\documents\of_v0.11.2_vs2017_release\libs\openframeworks\math\ofvec2f.h : warning C4819: The file contains a character that cannot be represented in the current code page (949). Save the file in Unicode format to prevent data loss (compiling source file ..\..\..\..\Documents\of_v0.11.2_vs2017_release\addons\ofxGui\src\ofxButton.cpp)
c:\users\creator\documents\of_v0.11.2_vs2017_release\libs\openframeworks\math\ofvec3f.h : warning C4819: The file contains a character that cannot be represented in the current code page (949). Save the file in Unicode format to prevent data loss (compiling source file ..\..\..\..\Documents\of_v0.11.2_vs2017_release\addons\ofxGui\src\ofxInputField.cpp)
c:\users\creator\documents\of_v0.11.2_vs2017_release\libs\openframeworks\math\ofvec2f.h : warning C4819: The file contains a character that cannot be represented in the current code page (949). Save the file in Unicode format to prevent data loss (compiling source file ..\..\..\..\Documents\of_v0.11.2_vs2017_release\addons\ofxGui\src\ofxInputField.cpp)
c:\users\creator\documents\of_v0.11.2_vs2017_release\libs\openframeworks\math\ofvec3f.h : warning C4819: The file contains a character that cannot be represented in the current code page (949). Save the file in Unicode format to prevent data loss (compiling source file ..\..\..\..\Documents\of_v0.11.2_vs2017_release\addons\ofxGui\src\ofxLabel.cpp)
c:\users\creator\documents\of_v0.11.2_vs2017_release\libs\openframeworks\math\ofvec2f.h : warning C4819: The file contains a character that cannot be represented in the current code page (949). Save the file in Unicode format to prevent data loss (compiling source file ..\..\..\..\Documents\of_v0.11.2_vs2017_release\addons\ofxGui\src\ofxLabel.cpp)
c:\users\creator\documents\of_v0.11.2_vs2017_release\libs\openframeworks\math\ofvec3f.h : warning C4819: The file contains a character that cannot be represented in the current code page (949). Save the file in Unicode format to prevent data loss (compiling source file ..\..\..\..\Documents\of_v0.11.2_vs2017_release\addons\ofxGui\src\ofxColorPicker.cpp)
c:\users\creator\documents\of_v0.11.2_vs2017_release\libs\openframeworks\math\ofvec2f.h : warning C4819: The file contains a character that cannot be represented in the current code page (949). Save the file in Unicode format to prevent data loss (compiling source file ..\..\..\..\Documents\of_v0.11.2_vs2017_release\addons\ofxGui\src\ofxColorPicker.cpp)
  Info: Boost.Config is older than your compiler version - probably nothing bad will happen - but you may wish to look for an update Boost version.  Define BOOST_CONFIG_SUPPRESS_OUTDATED_MESSAGE to suppress this message.
  Info: Boost.Config is older than your compiler version - probably nothing bad will happen - but you may wish to look for an update Boost version.  Define BOOST_CONFIG_SUPPRESS_OUTDATED_MESSAGE to suppress this message.
  Info: Boost.Config is older than your compiler version - probably nothing bad will happen - but you may wish to look for an update Boost version.  Define BOOST_CONFIG_SUPPRESS_OUTDATED_MESSAGE to suppress this message.
  Info: Boost.Config is older than your compiler version - probably nothing bad will happen - but you may wish to look for an update Boost version.  Define BOOST_CONFIG_SUPPRESS_OUTDATED_MESSAGE to suppress this message.
  Info: Boost.Config is older than your compiler version - probably nothing bad will happen - but you may wish to look for an update Boost version.  Define BOOST_CONFIG_SUPPRESS_OUTDATED_MESSAGE to suppress this message.
  Info: Boost.Config is older than your compiler version - probably nothing bad will happen - but you may wish to look for an update Boost version.  Define BOOST_CONFIG_SUPPRESS_OUTDATED_MESSAGE to suppress this message.
  Info: Boost.Config is older than your compiler version - probably nothing bad will happen - but you may wish to look for an update Boost version.  Define BOOST_CONFIG_SUPPRESS_OUTDATED_MESSAGE to suppress this message.
  Info: Boost.Config is older than your compiler version - probably nothing bad will happen - but you may wish to look for an update Boost version.  Define BOOST_CONFIG_SUPPRESS_OUTDATED_MESSAGE to suppress this message.
c:\users\creator\documents\of_v0.11.2_vs2017_release\addons\ofxgui\src\ofxinputfield.cpp(276): warning C4018: '<': signed/unsigned mismatch
  c:\users\creator\documents\of_v0.11.2_vs2017_release\addons\ofxgui\src\ofxinputfield.cpp(265): note: while compiling class template member function 'void ofxInputField<float>::moveCursor(int)'
  c:\users\creator\documents\of_v0.11.2_vs2017_release\addons\ofxgui\src\ofxinputfield.cpp(368): note: see reference to function template instantiation 'void ofxInputField<float>::moveCursor(int)' being compiled
  c:\users\creator\documents\of_v0.11.2_vs2017_release\addons\ofxgui\src\ofxinputfield.cpp(805): note: see reference to class template instantiation 'ofxInputField<float>' being compiled
  ofxSliderGroup.cpp
  ofxToggle.cpp
  ofxCvColorImage.cpp
c:\users\creator\documents\of_v0.11.2_vs2017_release\libs\openframeworks\utils\ofutils.h : warning C4819: The file contains a character that cannot be represented in the current code page (949). Save the file in Unicode format to prevent data loss (compiling source file ..\..\..\..\Documents\of_v0.11.2_vs2017_release\addons\ofxGui\src\ofxSliderGroup.cpp)
c:\users\creator\documents\of_v0.11.2_vs2017_release\libs\openframeworks\utils\ofutils.h : warning C4819: The file contains a character that cannot be represented in the current code page (949). Save the file in Unicode format to prevent data loss (compiling source file ..\..\..\..\Documents\of_v0.11.2_vs2017_release\addons\ofxGui\src\ofxToggle.cpp)
  ofxCvContourFinder.cpp
c:\users\creator\documents\of_v0.11.2_vs2017_release\libs\openframeworks\math\ofvec3f.h : warning C4819: The file contains a character that cannot be represented in the current code page (949). Save the file in Unicode format to prevent data loss (compiling source file ..\..\..\..\Documents\of_v0.11.2_vs2017_release\addons\ofxGui\src\ofxSliderGroup.cpp)
c:\users\creator\documents\of_v0.11.2_vs2017_release\libs\openframeworks\math\ofvec2f.h : warning C4819: The file contains a character that cannot be represented in the current code page (949). Save the file in Unicode format to prevent data loss (compiling source file ..\..\..\..\Documents\of_v0.11.2_vs2017_release\addons\ofxGui\src\ofxSliderGroup.cpp)
c:\users\creator\documents\of_v0.11.2_vs2017_release\libs\openframeworks\math\ofvec3f.h : warning C4819: The file contains a character that cannot be represented in the current code page (949). Save the file in Unicode format to prevent data loss (compiling source file ..\..\..\..\Documents\of_v0.11.2_vs2017_release\addons\ofxGui\src\ofxToggle.cpp)
c:\users\creator\documents\of_v0.11.2_vs2017_release\libs\openframeworks\math\ofvec2f.h : warning C4819: The file contains a character that cannot be represented in the current code page (949). Save the file in Unicode format to prevent data loss (compiling source file ..\..\..\..\Documents\of_v0.11.2_vs2017_release\addons\ofxGui\src\ofxToggle.cpp)
  Info: Boost.Config is older than your compiler version - probably nothing bad will happen - but you may wish to look for an update Boost version.  Define BOOST_CONFIG_SUPPRESS_OUTDATED_MESSAGE to suppress this message.
  Info: Boost.Config is older than your compiler version - probably nothing bad will happen - but you may wish to look for an update Boost version.  Define BOOST_CONFIG_SUPPRESS_OUTDATED_MESSAGE to suppress this message.
  Info: Boost.Config is older than your compiler version - probably nothing bad will happen - but you may wish to look for an update Boost version.  Define BOOST_CONFIG_SUPPRESS_OUTDATED_MESSAGE to suppress this message.
  ofxCvFloatImage.cpp
  Info: Boost.Config is older than your compiler version - probably nothing bad will happen - but you may wish to look for an update Boost version.  Define BOOST_CONFIG_SUPPRESS_OUTDATED_MESSAGE to suppress this message.
c:\users\creator\documents\of_v0.11.2_vs2017_release\libs\openframeworks\utils\ofutils.h : warning C4819: The file contains a character that cannot be represented in the current code page (949). Save the file in Unicode format to prevent data loss (compiling source file ..\..\..\..\Documents\of_v0.11.2_vs2017_release\addons\ofxOpenCv\src\ofxCvColorImage.cpp)
  ofxCvGrayscaleImage.cpp
c:\users\creator\documents\of_v0.11.2_vs2017_release\libs\openframeworks\math\ofvec3f.h : warning C4819: The file contains a character that cannot be represented in the current code page (949). Save the file in Unicode format to prevent data loss (compiling source file ..\..\..\..\Documents\of_v0.11.2_vs2017_release\addons\ofxOpenCv\src\ofxCvColorImage.cpp)
c:\users\creator\documents\of_v0.11.2_vs2017_release\libs\openframeworks\math\ofvec2f.h : warning C4819: The file contains a character that cannot be represented in the current code page (949). Save the file in Unicode format to prevent data loss (compiling source file ..\..\..\..\Documents\of_v0.11.2_vs2017_release\addons\ofxOpenCv\src\ofxCvColorImage.cpp)
  Info: Boost.Config is older than your compiler version - probably nothing bad will happen - but you may wish to look for an update Boost version.  Define BOOST_CONFIG_SUPPRESS_OUTDATED_MESSAGE to suppress this message.
  ofxCvHaarFinder.cpp
c:\users\creator\documents\of_v0.11.2_vs2017_release\libs\openframeworks\utils\ofutils.h : warning C4819: The file contains a character that cannot be represented in the current code page (949). Save the file in Unicode format to prevent data loss (compiling source file ..\..\..\..\Documents\of_v0.11.2_vs2017_release\addons\ofxOpenCv\src\ofxCvContourFinder.cpp)
c:\users\creator\documents\of_v0.11.2_vs2017_release\libs\openframeworks\math\ofvec3f.h : warning C4819: The file contains a character that cannot be represented in the current code page (949). Save the file in Unicode format to prevent data loss (compiling source file ..\..\..\..\Documents\of_v0.11.2_vs2017_release\addons\ofxOpenCv\src\ofxCvContourFinder.cpp)
c:\users\creator\documents\of_v0.11.2_vs2017_release\libs\openframeworks\math\ofvec2f.h : warning C4819: The file contains a character that cannot be represented in the current code page (949). Save the file in Unicode format to prevent data loss (compiling source file ..\..\..\..\Documents\of_v0.11.2_vs2017_release\addons\ofxOpenCv\src\ofxCvContourFinder.cpp)
  Info: Boost.Config is older than your compiler version - probably nothing bad will happen - but you may wish to look for an update Boost version.  Define BOOST_CONFIG_SUPPRESS_OUTDATED_MESSAGE to suppress this message.
  ofxCvImage.cpp
c:\users\creator\documents\of_v0.11.2_vs2017_release\libs\openframeworks\utils\ofutils.h : warning C4819: The file contains a character that cannot be represented in the current code page (949). Save the file in Unicode format to prevent data loss (compiling source file ..\..\..\..\Documents\of_v0.11.2_vs2017_release\addons\ofxOpenCv\src\ofxCvFloatImage.cpp)
c:\users\creator\documents\of_v0.11.2_vs2017_release\libs\openframeworks\math\ofvec3f.h : warning C4819: The file contains a character that cannot be represented in the current code page (949). Save the file in Unicode format to prevent data loss (compiling source file ..\..\..\..\Documents\of_v0.11.2_vs2017_release\addons\ofxOpenCv\src\ofxCvFloatImage.cpp)
c:\users\creator\documents\of_v0.11.2_vs2017_release\libs\openframeworks\math\ofvec2f.h : warning C4819: The file contains a character that cannot be represented in the current code page (949). Save the file in Unicode format to prevent data loss (compiling source file ..\..\..\..\Documents\of_v0.11.2_vs2017_release\addons\ofxOpenCv\src\ofxCvFloatImage.cpp)
  Info: Boost.Config is older than your compiler version - probably nothing bad will happen - but you may wish to look for an update Boost version.  Define BOOST_CONFIG_SUPPRESS_OUTDATED_MESSAGE to suppress this message.
  ofxCvShortImage.cpp
c:\users\creator\documents\of_v0.11.2_vs2017_release\libs\openframeworks\utils\ofutils.h : warning C4819: The file contains a character that cannot be represented in the current code page (949). Save the file in Unicode format to prevent data loss (compiling source file ..\..\..\..\Documents\of_v0.11.2_vs2017_release\addons\ofxOpenCv\src\ofxCvHaarFinder.cpp)
c:\users\creator\documents\of_v0.11.2_vs2017_release\libs\openframeworks\math\ofvec3f.h : warning C4819: The file contains a character that cannot be represented in the current code page (949). Save the file in Unicode format to prevent data loss (compiling source file ..\..\..\..\Documents\of_v0.11.2_vs2017_release\addons\ofxOpenCv\src\ofxCvHaarFinder.cpp)
c:\users\creator\documents\of_v0.11.2_vs2017_release\libs\openframeworks\math\ofvec2f.h : warning C4819: The file contains a character that cannot be represented in the current code page (949). Save the file in Unicode format to prevent data loss (compiling source file ..\..\..\..\Documents\of_v0.11.2_vs2017_release\addons\ofxOpenCv\src\ofxCvHaarFinder.cpp)
c:\users\creator\documents\of_v0.11.2_vs2017_release\libs\openframeworks\utils\ofutils.h : warning C4819: The file contains a character that cannot be represented in the current code page (949). Save the file in Unicode format to prevent data loss (compiling source file ..\..\..\..\Documents\of_v0.11.2_vs2017_release\addons\ofxOpenCv\src\ofxCvGrayscaleImage.cpp)
  Info: Boost.Config is older than your compiler version - probably nothing bad will happen - but you may wish to look for an update Boost version.  Define BOOST_CONFIG_SUPPRESS_OUTDATED_MESSAGE to suppress this message.
c:\users\creator\documents\of_v0.11.2_vs2017_release\libs\openframeworks\math\ofvec3f.h : warning C4819: The file contains a character that cannot be represented in the current code page (949). Save the file in Unicode format to prevent data loss (compiling source file ..\..\..\..\Documents\of_v0.11.2_vs2017_release\addons\ofxOpenCv\src\ofxCvGrayscaleImage.cpp)
c:\users\creator\documents\of_v0.11.2_vs2017_release\libs\openframeworks\math\ofvec2f.h : warning C4819: The file contains a character that cannot be represented in the current code page (949). Save the file in Unicode format to prevent data loss (compiling source file ..\..\..\..\Documents\of_v0.11.2_vs2017_release\addons\ofxOpenCv\src\ofxCvGrayscaleImage.cpp)
  Info: Boost.Config is older than your compiler version - probably nothing bad will happen - but you may wish to look for an update Boost version.  Define BOOST_CONFIG_SUPPRESS_OUTDATED_MESSAGE to suppress this message.
  main.cpp
c:\users\creator\documents\of_v0.11.2_vs2017_release\libs\openframeworks\utils\ofutils.h : warning C4819: The file contains a character that cannot be represented in the current code page (949). Save the file in Unicode format to prevent data loss (compiling source file ..\..\..\..\Documents\of_v0.11.2_vs2017_release\addons\ofxOpenCv\src\ofxCvImage.cpp)
c:\users\creator\documents\of_v0.11.2_vs2017_release\libs\openframeworks\math\ofvec3f.h : warning C4819: The file contains a character that cannot be represented in the current code page (949). Save the file in Unicode format to prevent data loss (compiling source file ..\..\..\..\Documents\of_v0.11.2_vs2017_release\addons\ofxOpenCv\src\ofxCvImage.cpp)
c:\users\creator\documents\of_v0.11.2_vs2017_release\libs\openframeworks\math\ofvec2f.h : warning C4819: The file contains a character that cannot be represented in the current code page (949). Save the file in Unicode format to prevent data loss (compiling source file ..\..\..\..\Documents\of_v0.11.2_vs2017_release\addons\ofxOpenCv\src\ofxCvImage.cpp)
c:\users\creator\documents\of_v0.11.2_vs2017_release\libs\openframeworks\utils\ofutils.h : warning C4819: The file contains a character that cannot be represented in the current code page (949). Save the file in Unicode format to prevent data loss (compiling source file ..\..\..\..\Documents\of_v0.11.2_vs2017_release\addons\ofxOpenCv\src\ofxCvShortImage.cpp)
  Info: Boost.Config is older than your compiler version - probably nothing bad will happen - but you may wish to look for an update Boost version.  Define BOOST_CONFIG_SUPPRESS_OUTDATED_MESSAGE to suppress this message.
  ofApp.cpp
c:\users\creator\documents\of_v0.11.2_vs2017_release\libs\openframeworks\math\ofvec3f.h : warning C4819: The file contains a character that cannot be represented in the current code page (949). Save the file in Unicode format to prevent data loss (compiling source file ..\..\..\..\Documents\of_v0.11.2_vs2017_release\addons\ofxOpenCv\src\ofxCvShortImage.cpp)
c:\users\creator\documents\of_v0.11.2_vs2017_release\libs\openframeworks\math\ofvec2f.h : warning C4819: The file contains a character that cannot be represented in the current code page (949). Save the file in Unicode format to prevent data loss (compiling source file ..\..\..\..\Documents\of_v0.11.2_vs2017_release\addons\ofxOpenCv\src\ofxCvShortImage.cpp)
  Info: Boost.Config is older than your compiler version - probably nothing bad will happen - but you may wish to look for an update Boost version.  Define BOOST_CONFIG_SUPPRESS_OUTDATED_MESSAGE to suppress this message.
c:\users\creator\documents\of_v0.11.2_vs2017_release\libs\openframeworks\utils\ofutils.h : warning C4819: The file contains a character that cannot be represented in the current code page (949). Save the file in Unicode format to prevent data loss (compiling source file src\main.cpp)
c:\users\creator\documents\of_v0.11.2_vs2017_release\libs\openframeworks\math\ofvec3f.h : warning C4819: The file contains a character that cannot be represented in the current code page (949). Save the file in Unicode format to prevent data loss (compiling source file src\main.cpp)
c:\users\creator\documents\of_v0.11.2_vs2017_release\libs\openframeworks\math\ofvec2f.h : warning C4819: The file contains a character that cannot be represented in the current code page (949). Save the file in Unicode format to prevent data loss (compiling source file src\main.cpp)
c:\users\creator\documents\of_v0.11.2_vs2017_release\libs\openframeworks\utils\ofutils.h : warning C4819: The file contains a character that cannot be represented in the current code page (949). Save the file in Unicode format to prevent data loss (compiling source file src\ofApp.cpp)
c:\users\creator\documents\of_v0.11.2_vs2017_release\libs\openframeworks\math\ofvec3f.h : warning C4819: The file contains a character that cannot be represented in the current code page (949). Save the file in Unicode format to prevent data loss (compiling source file src\ofApp.cpp)
c:\users\creator\documents\of_v0.11.2_vs2017_release\libs\openframeworks\math\ofvec2f.h : warning C4819: The file contains a character that cannot be represented in the current code page (949). Save the file in Unicode format to prevent data loss (compiling source file src\ofApp.cpp)
c:\users\creator\source\repos\makeconstellation\makeconstellation\src\ofapp.cpp(54): warning C4018: '<': signed/unsigned mismatch
c:\users\creator\source\repos\makeconstellation\makeconstellation\src\ofapp.cpp(91): warning C4018: '<': signed/unsigned mismatch
c:\users\creator\source\repos\makeconstellation\makeconstellation\src\ofapp.cpp(97): warning C4018: '<': signed/unsigned mismatch
     Creating library bin\makeConstellation.lib and object bin\makeConstellation.exp
  LINK : /LTCG specified but no code generation required; remove /LTCG from the link command line to improve linker performance
  makeConstellation.vcxproj -> C:\Users\creator\source\repos\makeConstellation\makeConstellation\bin\makeConstellation.exe
  
  	                   2	C:\Users\creator\Documents\of_v0.11.2_vs2017_release\libs\fmod\lib\vs\Win32\
  	  *추가 파일  		 6018560	C:\Users\creator\source\repos\makeConstellation\makeConstellation\bin\FreeImage.dll
  
  	                   1	C:\Users\creator\Documents\of_v0.11.2_vs2017_release\libs\FreeImage\lib\vs\Win32\
  	  *추가 파일  		 1544704	C:\Users\creator\source\repos\makeConstellation\makeConstellation\bin\fmod.dll
  	  *추가 파일  		 1733120	C:\Users\creator\source\repos\makeConstellation\makeConstellation\bin\fmodL.dll
